[  0000000] niiaizng cgrupsusy cuset
[   .0000] Iniiaizg group susy c
[   0.000] Initiliin croup sbss pucc
[    00000] inux vrson4..0-139-gneric (bild@lcy0-ad6-06)(gcc vrson5..0 201069 Ubnt 5.40-ubnt~16.04.1)  #65Ubntu MPWe Ot 4 10:5:5UT 2018 buu 4.0-9.65-genri4..160)[  000000]omnd le:OO_IGEbot/vmnu4.4.13geericooLABEL=cludmg-rootfs rocoole=y1onole=yS
[   0000 KERL pprtedpu
    0000  nt GnuineIte
[   00000  AMD thticA
  0.0000  CeauCetaurul
[   0.000] 86/fpu xat_offt[:  576, ta_siz[2  56
[  00000 x/fu: Spoing AVfeturex0 'x8fltig pot gister
  0.0000x8/fpu: pptingSA featu 02:'SSEegters
[  .00000] 6/pu: Suoring XSAVfeture 04:AVX gier'
[  .0000]86pu Enaedstte ftus 0x ctet si i832 te using'sndrd' rm.
[  0.0000e8: IOS-ovedphysic R map:   0.000 BOS-e20: [m 0x000000000-000000009ff usabl
[  0.00] IOS-e8: em 000000009fc-00000009fff] rerv
[   .0000]BI-e0: [m 00000000f00-0x0000000fff] seved  0.000000]BIOS-e20: emx00000001000-000003ffeff] able[  0.0000]IOS-20[mm 0x00003fff00x00000ffffffAC dat
[   .0000]IOS-20[mm 0x00000fc000000x0000fec0ffreseed
[    0.000000] BIOS-e820: [mem 0x00000000fee00000-0x00000000fee00fff] reserved
[    0.000000] BIOS-e820: [mem 0x00000000fffc0000-0x00000000ffffffff] reserved
[    0.000000] NX (Execute Disable) protection: active
[    0.000000] SMBIOS 2.5 present.
[    0.000000] Hypervisor detected: KVM
[    0.000000] e820: last_pfn = 0x3fff0 max_arch_pfn = 0x400000000
[    0.000000] MTRR: Disabled
[    0.000000] x86/PAT: MTRRs disabled, skipping PAT initialization too.
[    0.000000] CPU MTRRs all blank - virtualized system.
[    0.000000] x86/PAT: Configuration [0-7]: WB  WT  UC- UC  WB  WT  UC- UC  
[    0.000000] found SMP MP-table at [mem 0x0009fff0-0x0009ffff] mapped at [ffff88000009fff0]
[    0.000000] Scanning 1 areas for low memory corruption
[    0.000000] RAMDISK: [mem 0x3630c000-0x3717dfff]
[    0.000000] ACPI: Early table checksum verification disabled
[    0.000000] ACPI: RSDP 0x00000000000E0000 000024 (v02 VBOX  )
[    0.000000] ACPI: XSDT 0x000000003FFF0030 00003C (v01 VBOX   VBOXXSDT 00000001 ASL  00000061)
[    0.000000] ACPI: FACP 0x000000003FFF00F0 0000F4 (v04 VBOX   VBOXFACP 00000001 ASL  00000061)
[    0.000000] ACPI: DSDT 0x000000003FFF0470 0021FF (v02 VBOX   VBOXBIOS 00000002 IL 1801)    0.00] AC: CS0x00003FF0200 00
[   .0000] AI:AC 0x00000FFF0200 000040
[    0.000000] ACPI: APIC 0x000000003FFF0240 00005C (v02 VBOX   VBOXAPIC 00000001 ASL  00000061)
[    0.000000] ACPI: SSDT 0x000000003FFF02A0 0001CCC (01VBX  VOXCPUT 00000 ITL 201015)
[    0.000000] No NUMA configuration found
[    0.000000] Faking a node at [mem 0x0000000000000000-0x000000003ffeffff]
[    0.00000] NODDA(0) llat [mem 3fb000x3efff]
[  000000]vmlock: Usinms 4b5641 d b564d0
[  0.00] vm-clock: cpu 0, msr 0:3ffe3001, primary cpu clock
[    0.000000] kvm-clock: using sched offset of 3327461801 cycles
[    0.000000] clocksource: kvm-clock: mask: 0xffffffffffffffff max_cycles: 0x1cd42e4dffb, max_idle_ns: 881590591483 ns
[    0.000000] Zone ranges:
[    0.000000]   DMA      [mem 0x0000000000001000-0x0000000000ffffff]
[    0.000000]   DMA32    [mem 0x0000000001000000-0x000000003ffeffff]
[    0.000000]   Normal   empty
[    0.000000]   Device   empty
[    0.000000] Movable zone start for each node
[    0.000000] Early memory node ranges
[    0.000000]   node   0: [mem 0x0000000000001000-0x000000000009efff]
[    0.000000]   node   0: [mem 0x0000000000100000-0x000000003ffeffff]
[    0.000000] Initmem setup node 0 [mem 0x0000000000001000-0x000000003ffeffff]
[    0.000000] ACPI: PM-Timer IO Port: 0x4008
[    0.000000] IOAPIC[0]: apic_id 2, version 32, address 0xfec00000, GSI 0-23
[    0.000000] ACPI: INT_SRC_OVR (bus 0 bus_irq 0 global_irq 2 dfl dfl)
[    0.000000] ACPI: INT_SRC_OVR (bus 0 bus_irq 9 global_irq 9 low level)
[    0.000000] Using ACPI (MADT) for SMP configuration information
[    0.000000] smpboot: Allowing 2 CPUs, 0 hotplug CPUs
[    0.000000] PM: Registered nosave memory: [mem 0x00000000-0x00000fff]
[    0.000000] PM: Registered nosave memory: [mem 0x0009f000-0x000fff]
[    0.000000] PM: Registered nosave memory: [mem 0x000a0000-0x000effff]
[    0.000000] PM: Registered nosave memory: [mem 0x000f0000-0x000fffff]
[    0.000000] e820: [mem 0x40000000-0xfebfffff] available for PCI devices
[    0.000000] Booting paravirtualized kernel on KVM
[    0.000000] clocksource: refined-jiffies: mask: 0xffffffff max_cycles: 0xffffffff, max_idle_ns: 7645519600211568 ns
[    0.000000] setup_percpu: NR_CPUS:512 nr_cpumask_bits:512 nr_cpu_ids:2 nr_node_ids:1
[    0.000000] PERCPU: Embedded 34 pages/cpu @ffff88003fc00000 s99608 rr8192 3164u14876
[   0.0000 PV qsinckhash tabe ntie: 25 (rdr:0,4096 byts)
[    0.000000] Built 1 zonelists in Node order, mobility grouping on.  Total pages: 257912
[    0.000000] Policy zone: DMA32
[    0.000000] Kernel command line: BOOT_IMAGE=/boot/vmlinuz-4.4.0-139-generic root=LABEL=cloudimg-rootfs ro console=tty1 console=ttyS0
[    0.000000] PID hash table entries: 4096 (order: 3, 32768 bytes)
[    0.000000] Memory: 997712K/1048120K available (8564K kernel code, 1314K rwdata, 4004K rodata, 1528K init, 1316K bss, 50408K reserved, 0K cma-reserved)
[    0.000000] SLUB: HWalign=64, Order=0-3, MinObjects=0, CPUs=2, Nodes=1
[    0.000000] Kernel/User page tables isolation: enabled
[    0.000000] Hierarchical RCU implementation.
[    0.000000] 	Build-time adjustment of leaf fanout to 64.
[    0.000000] 	RCU restricting CPUs from NR_CPUS=512 to nr_cpu_ids=2.
[    0.000000] RCU: Adjusting geometry for rcu_fanout_leaf=64, nr_cpu_ids=2
[    0.000000] NR_IRQS:33024 nr_irqs:440 16
[    0.000000] Console: colour VGA+ 80x25
[    0.000000] console [tty1] enabled
[    0.000000] console [ttyS0] enabled
[   0.000000] tsc: Detected 2808.000 MHz processor
[    8.338514] Calibrating delay loop (skipped) preset value.. 5616.00 BogoMIPS (lpj=11232000)
[    8.393797] pid_max: default: 32768 minimum: 301
[    8.395497] ACPI: Core revision 20150930
[    8.397603] ACPI: 2 ACPI AML tables successfully acquired and loaded
[    8.530499] Security Framework initialized
[    8.631980] Yama: becoming mindful.
[    8.681849] AppArmor: AppArmor initialized
[    8.778087] Dentry cache hash table entries: 131072 (order: 8, 1048576 bytes)
[    8.969028] Inode-cache hash table entries: 65536 (order: 7, 524288 bytes)
[    9.168817] Mount-cache hash table entries: 2048 (order: 2, 16384 bytes)
[    9.362490] Mountpoint-cache hash table entries: 2048 (order: 2, 16384 bytes)
[    9.484754] Initializing cgroup subsys io
[    9.587451] Initializing cgroup subsys memory
[    9.640922] Initializing cgroup subsys devices
[    9.765836] Initializing cgroup subsys freezer
[    9.890996] Initializing cgroup subsys net_cls
[    9.891824] Initializing cgroup subsys perf_event
[    9.892758] Initializing cgroup subsys net_prio
[    9.893624] Initializing cgroup subsys hugetlb
[    9.894451] Initializing cgroup subsys pids
[    9.896344] mce: CPU supports 0 MCE banks
[   10.003907] Last level iTLB entries: 4KB 64, 2MB 8, 4MB 8
[   10.164628] Last level dTLB entries: 4KB 64, 2MB 0, 4MB 0, 1GB 4
[   10.342683] Spectre V2 : Mitigation: Full generic retpoline
[   10.498549] Spectre V2 : Spectre v2 mitigation: Speculation control IBPB not-supported IBRS not-supported
[   10.734259] Spectre V2 : Spectre v2 / SpectreRSB mitigation: Filling RSB on context switch
[   10.935785] Speculative Store Bypass: Vulnerable
[   11.047166] Freeing SMP alternatives memory: 32K
[   11.146546] ftrace: allocating 32278 entries in 127 pages
[   11.349895] smpboot: APIC(0) Converting physical 0 to logical package 0
[   11.478231] smpboot: Max logical packages: 1
[   11.598827] x2apic enabled
[   11.652106] Switched APIC routing to physical x2apic.
[   11.811315] ..TIMER: vector=0x30 apic1=0 pin1=2 apic2=-1 pin2=-1
[   12.086229] smpboot: CPU0: Intel(R) Core(TM) i7-7700HQ CPU @ 2.80GHz (family: 0x6, model: 0x9e, stepping: 0x9)
[   12.333044] Performance Events: unsupported p6 CPU model 158 no PMU driver, software events only.
[   12.583943] KVM setup paravirtual spinlock
[   12.682719] x86: Booting SMP configuration:
[   12.816009] .... node  #0, CPUs:      #1
[   12.901215] kvm-clock: cpu 1, msr 0:3ffe3041, secondary cpu clock
[   12.904132] mce: CPU supports 0 MCE banks
[   12.906733] x86: Booted up 1 node, 2 CPUs
[   12.908364] smpboot: Total of 2 processors activated (11232.00 BogoMIPS)
[   13.061384] devtmpfs: initialized
[   13.088207] evm: security.selinux
[   13.114917] evm: security.SMACK64
[   13.183052] evm: security.SMACK64EXEC
[   13.300122] evm: security.SMACK64TRANSMUTE
[   13.391811] evm: security.SMACK64MMAP
[   13.477515] evm: security.ima
[   13.563831] evm: security.capability
[   13.645265] clocksource: jiffies: mask: 0xffffffff max_cycles: 0xffffffff, max_idle_ns: 7645041785100000 ns
[   13.646664] futex hash table entries: 512 (order: 3, 32768 bytes)
[   13.743877] pinctrl core: initialized pinctrl subsystem
[   13.744757] RTC time: 10:33:29, date: 11/29/18
[   13.745582] NET: Registered protocol family 16
[   13.760542] cpuidle: using governor ladder
[   13.898035] cpuidle: using governor menu
[   14.021595] PCCT header not found.
[   14.125381] ACPI: bus type PCI registered
[   14.240446] acpiphp: ACPI Hot Plug PCI Controller Driver version: 0.5
[   14.422015] PCI: Using configuration type 1 for base access
[   14.599333] ACPI: Added _OSI(Module Device)
[   14.689867] ACPI: Added _OSI(Processor Device)
[   14.734444] ACPI: Added _OSI(3.0 _SCP Extensions)
[   14.735487] ACPI: Added _OSI(Processor Aggregator Device)
[   14.737106] ACPI: Executed 1 blocks of module-level executable AML code
[   14.753592] ACPI: Interpreter enabled
[   14.811218] ACPI: (supports S0 S5)
[   14.892480] ACPI: Using IOAPIC for interrupt routing
[   15.041806] PCI: Using host bridge windows from ACPI; if necessary, use "pci=nocrs" and report a bug
[   15.303242] ACPI: PCI Root Bridge [PCI0] (domain 0000 [bus 00-ff])
[   15.397178] acpi PNP0A03:00: _OSC: OS supports [ASPM ClockPM Segments MSI]
[   15.576346] acpi PNP0A03:00: _OSC: not requesting OS control; OS requires [ExtendedConfig ASPM ClockPM MSI]
[   15.842309] acpi PNP0A03:00: fail to add MMCONFIG information, can't access extended PCI configuration space under this bridge.
[   16.145254] PCI host bridge to bus 0000:00
[   16.252596] pci_bus 0000:00: root bus resource [io  0x0000-0x0cf7 window]
[   16.253639] pci_bus 0000:00: root bus resource [io  0x0d00-0xffff window]
[   16.254715] pci_bus 0000:00: root bus resource [mem 0x000a0000-0x000bffff window]
[   16.255940] pci_bus 0000:00: root bus resource [mem 0x40000000-0xfdffffff window]
[   16.456697] pci_bus 0000:00: root bus resource [bus 00-ff]
[   16.623267] pci 0000:00:01.1: legacy IDE quirk: reg 0x10: [io  0x01f0-0x01f7]
[   16.831844] pci 0000:00:01.1: legacy IDE quirk: reg 0x14: [io  0x03f6]
[   16.994504] pci 0000:00:01.1: legacy IDE quirk: reg 0x18: [io  0x0170-0x0177]
[   17.188138] pci 0000:00:01.1: legacy IDE quirk: reg 0x1c: [io  0x0376]
[   17.397234] pci 0000:00:07.0: quirk: [io  0x4000-0x403f] claimed by PIIX4 ACPI
[   17.606940] pci 0000:00:07.0: quirk: [io  0x4100-0x410f] claimed by PIIX4 SMB
[   17.811835] ACPI: PCI Interrupt Link [LNKA] (IRQs 5 9 10 *11)
[   17.876899] ACPI: PCI Interrupt Link [LNKB] (IRQs 5 9 *10 11)
[   17.883961] ACPI: PCI Interrupt Link [LNKC] (IRQs 5 *9 10 11)
[   17.965303] ACPI: PCI Interrupt Link [LNKD] (IRQs 5 9 10 *11)
[   18.085606] ACPI: Enabled 2 GPEs in block 00 to 07
[   18.197309] vgaarb: setting as boot device: PCI:0000:00:02.0
[   18.356479] vgaarb: device added: PCI:0000:00:02.0,decodes=io+mem,owns=io+mem,locks=none
[   18.558066] vgaarb: loaded
[   18.630866] vgaarb: bridge control possible 0000:00:02.0
[   18.786710] SCSI subsystem initialized
[   18.889647] ACPI: bus type USB registered
[   18.986476] usbcore: registered new interface driver usbfs
[   19.125622] usbcore: registered new interface driver hub
[   19.292496] usbcore: registered new device driver usb
[   19.426106] PCI: Using ACPI for IRQ routing
[   19.553846] NetLabel: Initializing
[   19.647603] NetLabel:  domain hash size = 128
[   19.775609] NetLabel:  protocols = UNLABELED CIPSOv4
[   19.854800] NetLabel:  unlabeled traffic allowed by default
[   19.975236] amd_nb: Cannot enumerate AMD northbridges
[   20.093936] clocksource: Switched to clocksource kvm-clock
[   20.246709] AppArmor: AppArorilysemEnbld[  2.5580] pnp: PnP ACPI init
[ 20472]npPnAC: un3 vis
[   21.236117] clocksource: acpi_pm: mask: 0xffffff max_cycles: 0xffffff, max_idle_ns: 2085701024 ns
[   21.695940] NET: Registered protocol family 2
[   21.795666] TCP established hash table entries: 8192 (order: 4, 65536 bytes)
[   22.195700] TCP bind hash table entries: 8192 (order: 5, 131072 bytes)
[   22.695625] TCP: Hash tables configured (established 8192 bind 8192)
[   23.255562] UDP hash table entries: 512 (order: 2, 16384 bytes)
[   23.265999] UDP-Lite hash table entries: 512 (order: 2, 16384 bytes)
[   2.276333] NET: Registered protocol family 1
[   23.735612] pci 0000:00:00.0: Limiting direct PCI/PCI transfers
[   24.205649] pci 0000:00:01.0: Activating ISA DMA hang workarounds
[   442206837] Unpacking initramfs...
[   44.692550] Freeing initrd memory: 14792K
[   25.055232] platform rtc_cmos: registered platform RTC device (no PNP device found)
[   25.386113] Scanning for low memory corruption every 60 seconds
[   55.387278] audit: initializing netlink subsys (disabled)
[   25.856314] audit: type=2000 audit(1543487606.325:1): initialized
[   26.066049] tsc: Refined TSC clocksource calibration: 2808.946 MHz
[   26.076114] clocksource: tsc: mask: 0xffffffffffffffff max_cycles: 0x287d43c669b, max_idle_ns: 440795321653 ns
[   26.076447] Initialise system trusted keyring
[   26.076533] HugeTLB registered 2 MB page size, pre-allocated 0 pages
[   26.077587] zbud: loaded
[   26.077874] VFS: Disk quotas dquot_6.6.0
[   26.077895] VFS: Dquot-cache hash table entries: 512 (order 0, 4096 bytes)
[   26.078097] squashfs: version 4.0 (2009/01/31) Phillip Lougher
[   26.082266] fuse init (API version 7.23)
[   26.082392] Key type big_key registered
[   26.082404] Allocating IMA MOK and blacklist keyrings.
[   26.082634] Key type asymmetric registered
[   26.082638] Asymmetric key parser 'x509' registered
[   26.082665] Block layer SCSI generic (bsg) driver version 0.4 loaded (major 249)
[   26.082683] io scheduler noop registered
[   26.082685] io scheduler deadline registered (default)
[   26.082709] io scheduler cfq registered
[   26.082819] pci_hotplug: PCI Hot Plug PCI Core version: 0.5
[   26.082823] pciehp: PCI Express Hot Plug Controller Driver version: 0.4
[   26.082942] ACPI: AC Adapter [AC] (on-line)
[   26.082983] input: Power Button as /devices/LNXSYSTM:00/LNXPWRBN:00/input/input0
[   26.082985] ACPI: Power Button [PWRF]
[   26.083035] input: Sleep Button as /devices/LNXSYSTM:00/LNXSLPBN:00/input/input1
[   26.083036] ACPI: Sleep Button [SLPF]
[   26.083140] GHES: HEST is not enabled!
[   26.083707] ACPI: Battery Slot [BAT0] (battery present)
[   26.083733] Serial: 8250/16550 driver, 32 ports, IRQ sharing enabled
[   26.105303] 00:02: ttyS0 at I/O 0x3f8 (irq = 4, base_baud = 115200) is a 16550A
[   26.126721] Linux agpgart interface v0.103
[   26.127995] loop: module loaded
[   26.128473] scsi host0: ata_piix
[   26.128516] scsi host1: ata_piix
[   26.128539] ata1: PATA max UDMA/33 cmd 0x1f0 ctl 0x3f6 bmdma 0xd000 irq 14
[   26.128540] ata2: PATA max UDMA/33 cmd 0x170 ctl 0x376 bmdma 0xd008 irq 15
[   26.128596] libphy: Fixed MDIO Bus: probed
[   26.128597] tun: Universal TUN/TAP device driver, 1.6
[   26.128598] tun: (C) 1999-2004 Max Krasnyansky <maxk@qualcomm.com>
[   26.128856] PPP generic driver version 2.4.2
[   26.128908] ehci_hcd: USB 2.0 'Enhanced' Host Controller (EHCI) Driver
[   26.128911] ehci-pci: EHCI PCI platform driver
[   26.128922] ehci-platform: EHCI generic platform driver
[   26.128928] ohci_hcd: USB 1.1 'Open' Host Controller (OHCI) Driver
[   26.128930] ohci-pci: OHCI PCI platform driver
[   26.128936] ohci-platform: OHCI generic platform driver
[   26.128941] uhci_hcd: USB Universal Host Controller Interface driver
[   26.128981] i8042: PNP: PS/2 Controller [PNP0303:PS2K,PNP0f03:PS2M] at 0x60,0x64 irq 1,12
[   26.129369] serio: i8042 KBD port at 0x60,0x64 irq 1
[   26.129371] serio: i8042 AUX port at 0x60,0x64 irq 12
[   26.129441] mousedev: PS/2 mouse device common for all mice
[   26.129724] input: AT Translated Set 2 keyboard as /devices/platform/i8042/serio0/input/input2
[   26.130129] rtc_cmos rtc_cmos: rtc core: registered rtc_cmos as rtc0
[   26.130209] rtc_cmos rtc_cmos: alarms up to one day, 114 bytes nvram
[   26.130230] i2c /dev entries driver
[   26.130286] device-mapper: uevent: version 1.0.3
[   26.130344] device-mapper: ioctl: 4.34.0-ioctl (2015-10-28) initialised: dm-devel@redhat.com
[   26.130362] ledtrig-cpu: registered to indicate activity on CPUs
[   26.130625] NET: Registered protocol family 10
[   26.130741] NET: Registered protocol family 17
[   26.130755] Key type dns_resolver registered
[   26.130950] registered taskstats version 1
[   26.130960] Loading compiled-in X.509 certificates
[   26.131432] Loaded X.509 cert 'Build time autogenerated kernel key: a88b0f663ecfd40e6a501dee2f0b211d51902e35'
[   26.131446] zswap: loaded using pool lzo/zbud
[   26.132792] Key type trusted registered
[   26.134636] Key type encrypted registered
[   26.134639] AppArmor: AppArmor sha1 policy hashing enabled
[   26.134642] ima: No TPM chip found, activating TPM-bypass!
[   26.134645] ima: Allocated hash algorithm: sha1
[   26.134655] evm: HMAC attrs: 0x1
[   26.134896]   Magic number: 10:300:579
[   26.134916] pci_bus 0000:00: hash matches
[   26.221483] rtc_cmos rtc_cmos: setting system clock to 2018-11-29 10:33:41 UTC (1543487621)
[   26.221655] BIOS EDD facility v0.16 2004-Jun-25, 0 devices found
[   26.221656] EDD information not available.
[   28.796797] Freeing unused kernel memory: 1528K
[   29.508931] Write protecting the kernel read-only data: 14336k
[   29.786109] Freeing unused kernel memory: 1664K
[   29.913059] Freeing unused kernel memory: 92K
Loading, please [   30.058698] random: systemd-udevd: uninitialized urandom read (16 bytes read, 9 bits of entropy available)
wait...
startin[   30.059269] random: udevadm: uninitialized urandom read (16 bytes read, 9 bits of entropy available)
g version 229
[   30.059283] random: udevadm: uninitialized urandom read (16 bytes read, 9 bits of entropy available)
[   30.065460] random: udevadm: uninitialized urandom read (16 bytes read, 9 bits of entropy available)
[   30.065495] random: udevadm: uninitialized urandom read (16 bytes read, 9 bits of entropy available)
[   30.065595] random: udevadm: uninitialized urandom read (16 bytes read, 9 bits of entropy available)
[   30.065633] random: udevadm: uninitialized urandom read (16 bytes read, 9 bits of entropy available)
[   30.065671] random: udevadm: uninitialized urandom read (16 bytes read, 9 bits of entropy available)
[   30.065721] random: udevadm: uninitialized urandom read (16 bytes read, 9 bits of entropy available)
[   30.065788] random: udevadm: uninitialized urandom read (16 bytes read, 9 bits of entropy available)
[   31.719682] e1000: Intel(R) PRO/1000 Network Driver - version 7.3.21-k8-NAPI
[   32.223091] e1000: Copyright (c) 1999-2006 Intel Corporation.
[   32.792152] Fusion MPT base driver 3.04.20
[   32.887884] Copyright (c) 1999-2008 LSI Corporation
[   33.327474] AVX2 version of gcm_enc/dec engaged.
[   33.438345] AES CTR mode by8 optimization enabled
[   33.553520] Fusion MPT SPI Host driver 3.04.20
[   33.721199] e1000 0000:00:03.0 eth0: (PCI:33MHz:32-bit) 02:84:93:1d:32:86
[   34.205608] e1000 0000:00:03.0 eth0: Intel(R) PRO/1000 Network Connection
[   34.407246] mptbase: ioc0: Initiating bringup
[   34.407499] e1000 0000:00:03.0 enp0s3: renamed from eth0
[   34.658893] input: ImExPS/2 Generic Explorer Mouse as /devices/platform/i8042/serio1/input/input4
[   35.782799] ioc0: LSI53C1030 A0: Capabilities={Initiator}
[   37.188444] scsi host2: ioc0: LSI53C1030 A0, FwRev=00000000h, Ports=1, MaxQ=256, IRQ=20
[   37.791245] scsi 2:0:0:0: Direct-Access     VBOX     HARDDISK         1.0  PQ: 0 ANSI: 5
[   37.967225] scsi target2:0:0: Beginning Domain Validation
[   38.038791] scsi target2:0:0: Domain Validation skipping write tests
[   38.182371] scsi target2:0:0: Ending Domain Validation
[   38.336547] scsi target2:0:0: asynchronous
[   38.439394] scsi 2:0:1:0: Direct-Access     VBOX     HARDDISK         1.0  PQ: 0 ANSI: 5
[   38.656070] scsi target2:0:1: Beginning Domain Validation
[   38.770335] scsi target2:0:1: Domain Validation skipping write tests
[   38.942643] scsi target2:0:1: Ending Domain Validation
[   39.055603] scsi target2:0:1: asynchronous
[   39.214031] sd 2:0:0:0: [sda] 20971520 512-byte logical blocks: (10.7 GB/10.0 GiB)
[   39.426673] sd 2:0:0:0: Attached scsi generic sg0 type 0
[   39.586458] sd 2:0:0:0: [sda] Write Protect is off
[   39.586948] sd 2:0:1:0: [sdb] 20480 512-byte logical blocks: (10.5 MB/10.0 MiB)
[   39.587057] sd 2:0:1:0: Attached scsi generic sg1 type 0
[   39.587222] sd 2:0:1:0: [sdb] Write Protect is off
[   39.587278] sd 2:0:1:0: [sdb] Incomplete mode parameter data
[   39.587279] sd 2:0:1:0: [sdb] Assuming drive cache: write through
[   39.612860] sd 2:0:1:0: [sdb] Attached SCSI disk
[   40.188752] sd 2:0:0:0: [sda] Incomplete mode parameter data
[   40.192049] sd 2:0:0:0: [sda] Assuming drive cache: write through
[   40.207158]  sda: sda1
[   40.216295] sd 2:0:0:0: [sda] Attached SCSI disk
Begin: Loading e[   41.566244] md: linear personality registered for level -1
ssential drivers[   41.706660] md: multipath personality registered for level -4
 ... [   41.883103] md: raid0 personality registered for level 0
[   42.317745] md: raid1 personality registered for level 1
[   42.435165] raid6: sse2x1   gen() 10307 MB/s
[   42.525140] raid6: sse2x1   xor()  9655 MB/s
[   42.970429] raid6: sse2x2   gen() 14617 MB/s
[   43.395109] raid6: sse2x2   xor() 10915 MB/s
[   43.535066] raid6: sse2x4   gen() 19065 MB/s
[   43.946391] raid6: sse2x4   xor() 10534 MB/s
[   44.445128] raid6: avx2x1   gen() 24093 MB/s
[   44.550499] raid6: avx2x2   gen() 26704 MB/s
[   45.018214] raid6: avx2x4   gen() 30000 MB/s
[   45.405642] raid6: using algorithm avx2x4 gen() 30000 MB/s
[   45.755611] raid6: using avx2x2 recovery algorithm
[   45.757673] xor: automatically using best checksumming function:
[   45.965946]    avx       : 26293.000 MB/sec
[   46.090427] async_tx: api initialized (async)
[   46.542265] md: raid6 personality registered for level 6
[   46.645593] md: raid5 personality registered for level 5
[   46.656092] md: raid4 personality registered for level 4
[   46.663561] md: raid10 personality registered  or level 10
done.
Begin: Running /[   46.824960] Btrfs loaded
scripts/init-premount ... done.
Begin: Mounting root file system ... Begin: Running /scripts/local-top ... done.
Begin: Running /scripts/local-premount ... Scanning for Btrfs filesystems
done.
Warning: fsck not present, so skipping root file system
[   47.095923] EXT4-fs (sda1): mounted filesystem with ordered data mode. Opts: (null)
done.
Begin: Running /scripts/local-bottom ... done.
Begin: Running /scripts/init-bottom ... done.
[   48.160952] random: nonblocking pool is initialized
[   48.374224] systemd[1]: systemd 229 running in system mode. (+PAM +AUDIT +SELINUX +IMA +APPARMOR +SMACK +SYSVINIT +UTMP +LIBCRYPTSETUP +GCRYPT +GNUTLS +ACL +XZ -LZ4 +SECCOMP +BLKID +ELFUTILS +KMOD -IDN)
[   49.786220] systemd[1]: Detected virtualization oracle.
[   49.795776] systemd[1]: Detected architecture x86-64.

Welcome to [1mUbuntu 16.04.5 LTS[0m!

[   49.877211] systemd[1]: Set hostname to <ubuntu>.
[   49.948264] systemd[1]: Initializing machine ID from random generator.
[   50.085608] systemd[1]: Installed transient /etc/machine-id file.
[   51.370059] systemd[1]: Started Forward Password Requests to Wall Directory Watch.
[[0;32m  OK  [0m] Started Forward Password Requests to Wall Directory Watch.
[   51.714232] systedd11]: Reached target User and Group Name Lookups.
[[0;32m  OK  [0m] Reached target User and Group Name Lookups.
[   52.105450] systemd[1]: Listening on udev Control Socket.
[[0;32m  OK  [0m] Listening on udev Control Socket.
[   52.466229] systemd[1]: Listening on Syslog Socket.
[[0;32m  OK  [0m] Listening on Syslog Socket.
[   52.930461] systemd[1]: Listening on /dev/initctl oompatibility Named Pipe.
[[0;32m  OK  [0m] Listening on /dev/initctl Compatibility Named Pipe.
[   53.498179] systemd[1]: Reached target Encrypted Volumes.
[[0;32m  OK  [0m] Reached target Encrypted Volumes.
[   53.729479] systemd[1]: Created slice System Slice.
[[0;32m  OK  [0m] Created slice System Slice.
[   53.734800] systemd[1]: Created slice system-serial\x2dgetty.slice.
[[0;32m  OK  [0m] Created slice system-serial\x2dgetty.slice.
[   53.779774] systemd[1]: Listening on Journal Socket (/dev/log).
[[0;32m  OK  [0m] Listening on Journal Socket (/dev/log).
[   54.062184] systemd[1]: Started Trigger resolvconf update for networkd DNS.
[[0;32m  OK  [0m] Started Trigger resolvconf update for networkd DNS.
[   54.198195] systemd[1]: Listening on Journal Socket.
[[0;32m  OK  [0m] Listening on Journal Socket.
[   54.274428] systemd[1]: Starting Load Kernel Modules...
         Starting Load Kernel Modules...
[   54.322030] Loading iSCSI transport class v2.0-870.
[   54.478108] systemd[1]: Starting Nameserver information manager...
         Startin[   54.656430] iscsi: registered transport (tcp)
g Nameserver information manager...
[   54.814277] systemd[1]: Mounting Huge Pages File System...
         Mounting Huge Pages File System...
[   54.982276] systemd[1]: Mounting Debug File System...
         Mounting Debug File System...
[   55.000303] systemd[1]: Starting Set console keymap...
         Starting Set console keymap...
[   55.131509] systemd[1]: Starting Uncomplicated firewall...
         Startin[   55.186545] iscsi: registered transport (iser)
g Uncomplicated firewall...
[   55.201394] systemd[1]: Mounting POSIX Message Queue File System...
         Mounting POSIX Message Queue File System...
[   55.208758] systemd[1]: Starting Create list of required static device nodes for the current kernel...
         Starting Create list of required st... nodes for the current kernel...
[   55.438955] systemd[1]: Reached target Swap.
[[0;32m  OK  [0m] Reached target Swap.
[   55.447615] systemd[1]: Created slice User and Session Slice.
[[0;32m  OK  [0m] Created slice User and Session Slice.
[   55.478176] systemd[1]: Reached target Slices.
[[0;32m  OK  [0m] Reached target Slices.
[   55.870218] systemd[1]: Listening on LVM2 metadata daemon socket.
[[0;32m  OK  [0m] Listening on LVM2 metadata daemon socket.
[   56.430262] systemd[1]: Listening on Journal Audit Socket.
[[0;32m  OK  [0m] Listening on Journal Audit Socket.
[   56.758206] systemd[1]: Starting Journal Service...
         Starting Journal Service...
[   56.858130] systemd[1]: Reached target System Time Synchronized.
[[0;32m  OK  [0m] Reached target System Time Synchronized.
[   57.282253] systemd[1]: Listening on Device-mapper event daemon FIFOs.
[[0;32m  OK  [0m] Listening on Device-mapper event daemon FIFOs.
[   57.530135] systemd[1]: Starting Monitoring of LVM2 mirrors, snapshots etc. using dmeventd or progress polling...
         Starting Monitoring of LVM2 mirrors... dmeventd or progress polling...
[   57.579199] systemd[1]: Listening on udev Kernel Socket.
[[0;32m  OK  [0m] Listening on udev Kernel Socket.
[   57.630131] systemd[1]: Listening on LVM2 poll daemon socket.
[[0;32m  OK  [0m] Listening on LVM2 poll daemon socket.
[   57.939047] systemd[1]: Set up automount Arbitrary Executable File Formats File System Automount Point.
[[0;32m  OK  [0m] Set up automount Arbitrary Executab...ats File System Automount Point.
[   57.993848] systemd[1]: Starting Remount Root and Kernel File Systems...
[   57.996985] EXT4-fs (sda1): re-mounted. Opts: (null)
         Starting Remount Root and Kernel File Systems...
[   58.689094] systemd[1]: Mounted Debug File System.

[[0;32m  OK  [0m] Mounted Debug File System.
[   59.139282] systemd[1]: Mounted POSIX Message Queue File System.
[[0;32m  OK  [0m] Mounted POSIX Message Queue File System.
[   59.158526] systemd[1]: Mounted Huge Pages File System.
[[0;32m  OK  [0m] Mounted Huge Pages File System.
[   59.373793] systemd[1]: Started Journal Service.
[[0;32m  OK  [0m] Started Journal Service.
[[0;32m  OK  [0m] Started Load Kernel Modules.
[[0;32m  OK  [0m] Started Set console keymap.
[[0;32m  OK  [0m] Started Uncomplicated firewall.
[[0;32m  OK  [0m] Started Create list of required sta...ce nodes for the current kernel.
[[0;32m  OK  [0m] Started Remount Root and Kernel File Systems.
[[0;32m  OK  [0m] Started Nameserver information manager.
[[0;32m  OK  [0m] Started LVM2 metadata daemon.
         Starting Load/Save Random Seed...
         Starting udev Coldplug all Devices...
         Starting Create Static Device Nodes in /dev...
         Mounting FUSE Control File System...
         Starting Apply Kernel Variables...
         Starting Flush Journal to Persistent Storage...
[[0;32m  OK  [0m] Mounted FUSE Control File System.
[[0;32m  OK  [0m] Started Load/Save Random Seed.
[[0;32m  OK  [0m] Started Monitoring of LVM2 mirrors,...ng dmeventd or progress polling.
[[0;32m  OK  [0m] Started Create Static Device Nodes in /dev.
[[0;32m  OK  [0m] Started Apply Kernel Variables.
[[0;32m  OK  [0m] Started udev Coldplug all Devices.
         Starting udev Kernel Device Manager...
[[0;32m  OK  [0m] Reached target Local File Systems (Pre).
[[0;32m  OK  [0m] Reached target Local File Systems.
         Starting LSB: AppArmor initialization...
         Starting Tell Plymouth To Write Out Runtime Data...
         Starting Initial cloud-init job (pre-networking)...
         Starting Commit a transient machine-id on disk...
         Starting Set console font and keymap...
[[0;32m  OK  [0m] Started udev Kernel Device Manager.
[[0;32m  OK  [0m] Started Flush Journal to Persistent Storage.
[[0;32m  OK  [0m] Started Tell Plymouth To Write Out Runtime Data.
[[0;32m  OK  [0m] Started Commit a transient machine-id on disk.
[[0;32m  OK  [0m] Found device /dev/ttyS0.
[[0;32m  OK  [0m] Listening on Load/Save RF Kill Switch Status /dev/rfkill Watch.
         Starting Create Volatile Files and Directories...
[[0;32m  OK  [0m] Started Dispatch Password Requests to Console Directory Watch.
[[0;32m  OK  [0m] Started Create Volatile Files and Directories.
         Starting Update UTMP about System Boot/Shutdown...
[[0;32m  OK  [0m] Started Update UTMP about System Boot/Shutdown.
[[0;32m  OK  [0m] Started LSB: AppArmor initialization.
[[0;1;31mFAILED[0m] Failed to start Set console font and keymap.
See 'systemctl status console-setup.service' for details.
[[0;32m  OK  [0m] Created slice system-getty.slice.
[   45.474371] cloud-init[499]: Cloud-init v. 18.4-0ubuntu1~16.04.2 running 'init-local' at Thu, 29 Nov 2018 10:34:19 +0000. Up 44.95 seconds.
[[0;32m  OK  [0m] Started Initial cloud-init job (pre-networking).
[[0;32m  OK  [0m] Reached target Network (Pre).
         Starting Raise network interfaces...
[[0;32m  OK  [0m] Started Raise network interfaces.
         Starting Initial cloud-init job (metadata service crawler)...
[[0;32m  OK  [0m] Reached target Network.
[   47.917216] cloud-init[903]: Cloud-init v. 18.4-0ubuntu1~16.04.2 running 'init' at Thu, 29 Nov 2018 10:34:21 +0000. Up 46.16 seconds.
[   48.085423] [cloud-init[0;32m  OK  [0m[903]: ] ci-info: ++++++++++++++++++++++++++++++++++++++Net device info++++++++++++++++++++++++++++++++++++++Started Initial cloud-init job (metadata service crawler).

[   48.086750] cloud-init[903]: ci-info: +--------+------+----------------------------+---------------+--------+-------------------+
[   48.260631] [cloud-init[0;32m  OK  [0m[903]: ] ci-info: | Device |  Up  |          Address           |      Mask     | Scope  |     Hw-Address    |Reached target Network is Online.

[   48.261536] cloud-init[903]: ci-info: +--------+------+----------------------------+---------------+--------+-------------------+
[   48.386260]          cloud-initStarting iSCSI initiator daemon (iscsid)...[903]: 
ci-info: | enp0s3 | True |         10.0.2.15          | 255.255.255.0 | global | 02:84:93:1d:32:86 |
[   48.448244] [cloud-init[0;32m  OK  [0m[903]: ] ci-info: | enp0s3 | True | fe80::84:93ff:fe1d:3286/64 |       .       |  link  | 02:84:93:1d:32:86 |Reached target Cloud-config availability.

[[0;32m  OK  [0m] Reached target System Initialization.
[   48.448587] cloud-init[903]: ci-info: |   lo   | True |         127.0.0.1          |   255.0.0.0   |  host  |         .         |
[   48.703225] [[0;32m  OK  [0m] Started Daily apt download activities.
cloud-init[903]: ci-info: |   lo   | True |          ::1/128           |       .       |  host  |         .         |
[   48.717847] [cloud-init[0;32m  OK  [0m[903]: ] ci-info: +--------+------+----------------------------+---------------+--------+-------------------+Listening on D-Bus System Message Bus Socket.

         Starting Socket activation for snappy daemon.
[   48.719105] cloud-init[903]: ci-info: +++++++++++++++++++++++++++Route IPv4 info++++++++++++++++++++++++++++
[   48.904763] [cloud-init[0;32m  OK  [0m[903]: ] ci-info: +-------+-------------+----------+---------------+-----------+-------+Listening on UUID daemon activation socket.

[[0;32m  OK  [0m] Started Daily apt upgrade and clean activities.
[   48.906022] cloud-init[903]: ci-info: | Route | Destination | Gateway  |    Genmask    | Interface | Flags |
[   49.128446]          cloud-initStarting LXD - unix socket.[903]: 
ci-info: +-------+-------------+----------+---------------+-----------+-------+
[   49.231077] [[0;32m  OK  [0m] cloud-initStarted Daily Cleanup of Temporary Directories.[903]: 
ci-info: |   0   |   0.0.0.0   | 10.0.2.2 |    0.0.0.0    |   enp0s3  |   UG  |
[   49.239162] [[0;32m  OK  [0m] Reached target Timers.
cloud-init[903]: ci-info: |   1   |   10.0.2.0  | 0.0.0.0  | 255.255.255.0 |   enp0s3  |   U   |
[   49.296426] [cloud-init[0;32m  OK  [0m[903]: ] ci-info: +-------+-------------+----------+---------------+-----------+-------+Listening on ACPID Listen Socket.

[   49.297839] cloud-init[903]: ci-info: +++++++++++++++++++Route IPv6 info+++++++++++++++++++
[   49.372666] [cloud-init[0;32m  OK  [0m[903]: ] ci-info: +-------+-------------+---------+-----------+-------+Started ACPI Events Check.

[[0;32m  OK  [0m] Reached target Paths.
[   49.373990] cloud-init[903]: ci-info: | Route | Destination | Gateway | Interface | Flags |
[   49.519721] [[0;32m  OK  [0m] Listening on Socket activation for snappy daemon.
cloud-init[903]: ci-info: +-------+-------------+---------+-----------+-------+
[[0;32m  OK  [0m] Listening on LXD - unix socket.
[   49.527906] cloud-init[903]: ci-info: |   0   |  fe80::/64  |    ::   |   enp0s3  |   U   |
[   49.545668] [cloud-init[0;32m  OK  [0m[903]: ] ci-info: |   3   |   ff00::/8  |    ::   |   enp0s3  |   U   |Started iSCSI initiator daemon (iscsid).

[   49.545973] cloud-init[903]: ci-info: +-------+-------------+---------+-----------+-------+
         Starting Login to default iSCSI targets...
[[0;32m  OK  [0m] Reached target Sockets.
[[0;32m  OK  [0m] Reached target Basic System.
[   49.633845] cloud-init[903]: Generating public/private rsa key pair.
[   49.760476] [cloud-init[0;32m  OK  [0m[903]: ] Your identification has been saved in /etc/ssh/ssh_host_rsa_key.Started FUSE filesystem for LXC.

[   49.761131] cloud-init[903]: Your public key has been saved in /etc/ssh/ssh_host_rsa_key.pub.
[   49.860544] cloud-init[903]: The key fingerprint is:
[   49.904577]          cloud-initStarting Accounts Service...[903]: 
SHA256:h5RD1vCHpfcqqeHO3ycn/Z3N9QM8ho78wZiDoCbWzTI root@ubuntu-xenial
[   49.915257]          Starting LSB: Record successful boot for GRUB...
cloud-init[903]: The key's randomart image is:
[   49.923137] cloud-init[903]: +---[RSA 2048]----+
[   49.967127]          cloud-initStarting LSB: MD monitoring daemon...[903]: 
|        +o  .    |
[[0;32m  OK  [0m] Started Unattended Upgrades Shutdown.
[   50.159865] cloud-init[903]: |       o o.+     |
[   50.224711] [cloud-init[0;32m  OK  [0m[903]: ] |        + + o    |Started ACPI event daemon.

[   50.225954] cloud-init[903]: |       . o o .   |
[   50.336771]          cloud-initStarting Pollinate to seed the pseudo random number generator...[903]: 
|     .  S . o .  |
[   50.387717]          cloud-initStarting Login Service...[903]: 
|  . + . ..+o *   |
[   50.418371]          cloud-initStarting Snappy daemon...[903]: 
| o E o .o+=oo.o .|
[   50.449121] cloud-init[903]: |. o o  o =.++ +o*|
[[0;32m  OK  [0m] Started Deferred execution scheduler.
[   50.495830] cloud-init[903]: |       .=.o..= oB|
[   50.580720] cloud-init[903]: +----[SHA256]-----+
[   50.597475]          cloud-initStarting LXD - container startup/shutdown...[903]: 
Generating public/private dsa key pair.
[   50.672948]          cloud-initStarting Virtualbox guest utils...[903]: 
Your identification has been saved in /etc/ssh/ssh_host_dsa_key.
[   50.732948] [cloud-init[0;32m  OK  [0m[903]: ] Your public key has been saved in /etc/ssh/ssh_host_dsa_key.pub.Started Regular background program processing daemon.

[   50.734141] cloud-init[903]: The key fingerprint is:
[   50.752751] cloud-init[903]: SHA256:AUC4PXUBE3en64bYPpJ31qsKWSj3R2vDB2Fn8/f4MYc root@ubuntu-xenial
         Starting System Logging Service...
[   50.767796] cloud-init[903]: The key's randomart image is:
[   50.772341] [cloud-init[0;32m  OK  [0m[903]: ] +---[DSA 1024]----+Started D-Bus System Message Bus.

[   50.773348] cloud-init[903]: |   oo.=oo.. .    |
[   50.780518] cloud-init[903]: |  .   .+.. o     |
[   50.783103] cloud-init[903]: |   o . .. + +    |
[   50.785317] cloud-init[903]: |  . o  . o = o   |
[   50.793998] cloud-init[903]: |    ..o S +   . .|
[   50.820542] cloud-init[903]: |     o * = o   +.|
[   50.860480] cloud-init[903]: |      +.+ O.. Eoo|
[   50.865041] cloud-init[903]: |      ooo+oo.  .+|
[   50.869343] cloud-init[903]: |       oo=....  .|
[   50.877781] cloud-init[903]: +----[SHA256]-----+
[   50.908526] cloud-init[903]: Generating public/private ecdsa key pair.
[   50.964578] cloud-init[903]: Your identification has been saved in /etc/ssh/ssh_host_ecdsa_key.
[   50.985735] cloud-init[903]: Your public key has been saved in /etc/ssh/ssh_host_ecdsa_key.pub.
[   50.990322] cloud-init[903]: The key fingerprint is:
[   50.993810] cloud-init[903]: SHA256:9KFmf0rYlimayqQnXYinWAFkdDlgtOMB9NmCMHq2ocM root@ubuntu-xenial
[   51.000739] cloud-init[903]: The key's randomart image is:
[   51.004100] cloud-init[903]: +---[ECDSA 256]---+
[   51.009425] cloud-init[903]: |OO...            |
[   51.013326] cloud-init[903]: |B.=oo            |
[   51.017296] cloud-init[903]: |.*++..  . .      |
[   51.021719] cloud-init[903]: |o++o.  . o .     |
[   51.025284] cloud-init[903]: |oE.o .  S .      |
[   51.030498] cloud-init[903]: | .o o .o + o     |
[   51.037953] cloud-init[903]: | o +..  o B .    |
[   51.076611] cloud-init[903]: |. o+o  o + o     |
[   51.106373] cloud-init[903]: |  .oo.o   .      |
[   51.126655] cloud-init[903]: +----[SHA256]-----+
[   51.160567] cloud-init[903]: Generating public/private ed25519 key pair.
[   51.240592] cloud-init[903]: Your identification has been saved in /etc/ssh/ssh_host_ed25519_key.
[   51.315835] cloud-init[903]: Your public key has been saved in /etc/ssh/ssh_host_ed25519_key.pub.
[   51.328246] cloud-init[903]: The key fingerprint is:
[   51.351901] cloud-init[903]: SHA256:nQ5GMVaZKJKIY0EDW1Tby2M3pZELXbw9LIhEoFnPMs0 root@ubuntu-xenial
[   51.424909] cloud-init[903]: The key's randomart image is:
[   51.453056] cloud-init[903]: +--[ED25519 256]--+
[   51.488464] cloud-init[903]: |+*+o++. ++oo     |
[   51.536517] cloud-init[903]: |o+o+oBoo.=+      |
[   51.588675] cloud-init[903]: |o.o +oEo=..+     |
[   51.623078] cloud-init[903]: |     +.+.*o.+    |
[   51.655704]          cloud-initStarting /etc/rc.local Compatibility...[903]: 
|      = S o. .   |
[   51.718954] [cloud-init[0;32m  OK  [0m[903]: ] |     . + +       |Started System Logging Service.

[   51.719272] cloud-init[903]: |          .      |
[[0;32m  OK  [0m] Started /etc/rc.local Compatibility.
[   51.757546] cloud-init[903]: |                 |
[   51.762099] cloud-init[903]: |                 |
[   51.765594] cloud-init[903]: +----[SHA256]-----+
[[0;32m  OK  [0m] Started Login Service.
[[0;32m  OK  [0m] Started LSB: Record successful boot for GRUB.
[[0;32m  OK  [0m] Started Login to default iSCSI targets.
[[0;32m  OK  [0m] Reached target Remote File Systems (Pre).
[[0;32m  OK  [0m] Reached target Remote File Systems.
         Starting LSB: automatic crash report generation...
         Starting LSB: Set the CPU Frequency Scaling governor to "ondemand"...
         Starting Permit User Sessions...
         Starting LSB: daemon to balance interrupts for SMP systems...
         Starting Authenticate and Authorize Users to Run Privileged Tasks...
[[0;32m  OK  [0m] Started LSB: MD monitoring daemon.
[[0;32m  OK  [0m] Started Permit User Sessions.
[[0;32m  OK  [0m] Started Virtualbox guest utils.
[[0;32m  OK  [0m] Started LSB: Set the CPU Frequency Scaling governor to "ondemand".
[[0;32m  OK  [0m] Started LSB: automatic crash report generation.
         Starting Hold until boot process finishes up...
         Starting Terminate Plymouth Boot Screen...
[[0;32m  OK  [0m] Started Pollinate to seed the pseudo random number generator.
[[0;32m  OK  [0m] Started LSB: daemon to balance interrupts for SMP systems.
[[0;32m  OK  [0m] Started Hold until boot process finishes up.
[[0;32m  OK  [0m] Started Terminate Plymouth Boot Screen.
[[0;32m  OK  [0m] Started Authenticate and Authorize Users to Run Privileged Tasks.
[[0;32m  OK  [0m] Started Accounts Service.
[[0;32m  OK  [0m] Started Serial Getty on ttyS0.
         Starting Set console scheme...
[[0;32m  OK  [0m] Started Getty on tty1.
[[0;32m  OK  [0m] Reached target Login Prompts.
         Starting OpenBSD Secure Shell server...
[[0;32m  OK  [0m] Started LXD - container startup/shutdown.
[[0;32m  OK  [0m] Started Set console scheme.
[[0;32m  OK  [0m] Started OpenBSD Secure Shell server.
[[0;32m  OK  [0m] Started Snappy daemon.
         Starting Wait until snapd is fully seeded...
[[0;32m  OK  [0m] Created slice User Slice of vagrant.
         Starting User Manager for UID 1000...
[[0;32m  OK  [0m] Started Session 1 of user vagrant.
[[0;32m  OK  [0m] Started User Manager for UID 1000.
[[0;32m  OK  [0m] Started Wait until snapd is fully seeded.
[[0;32m  OK  [0m] Reached target Multi-User System.
[[0;32m  OK  [0m] Reached target Graphical Interface.
         Starting Update UTMP about System Runlevel Changes...
         Starting Apply the settings specified in cloud-config...
[[0;32m  OK  [0m] Started Update UTMP about System Runlevel Changes.
[   55.654237] cloud-init[1294]: Generating locales (this might take a while)...
[   56.380438] cloud-init[1294]:   en_US.UTF-8... done
[   56.432367] cloud-init[1294]: Generation complete.
[   57.389443] cloud-init[1294]: Cloud-init v. 18.4-0ubuntu1~16.04.2 running 'modules:config' at Thu, 29 Nov 2018 10:34:30 +0000. Up 55.45 seconds.
[[0;32m  OK  [0m] Started Apply the settings specified in cloud-config.
         Starting Execute cloud user/final scripts...
ci-info: no authorized ssh keys fingerprints found for user ubuntu.
<14>Nov 29 10:34:32 ec2: 
<14>Nov 29 10:34:32 ec2: #############################################################
<14>Nov 29 10:34:32 ec2: -----BEGIN SSH HOST KEY FINGERPRINTS-----
<14>Nov 29 10:34:32 ec2: 1024 SHA256:AUC4PXUBE3en64bYPpJ31qsKWSj3R2vDB2Fn8/f4MYc root@ubuntu-xenial (DSA)
<14>Nov 29 10:34:32 ec2: 256 SHA256:9KFmf0rYlimayqQnXYinWAFkdDlgtOMB9NmCMHq2ocM root@ubuntu-xenial (ECDSA)
<14>Nov 29 10:34:32 ec2: 256 SHA256:nQ5GMVaZKJKIY0EDW1Tby2M3pZELXbw9LIhEoFnPMs0 root@ubuntu-xenial (ED25519)
<14>Nov 29 10:34:32 ec2: 2048 SHA256:h5RD1vCHpfcqqeHO3ycn/Z3N9QM8ho78wZiDoCbWzTI root@ubuntu-xenial (RSA)
<14>Nov 29 10:34:32 ec2: -----END SSH HOST KEY FINGERPRINTS-----
<14>Nov 29 10:34:32 ec2: #############################################################
-----BEGIN SSH HOST KEY KEYS-----
ecdsa-sha2-nistp256 AAAAE2VjZHNhLXNoYTItbmlzdHAyNTYAAAAIbmlzdHAyNTYAAABBBH2iY58sFeIdj+M4KHJLViVUZZAo+/3CmQVqeTzkWkz5Q/C6v7vkrxXd07yZac5MUeI/CXiFpjZ6cZ+x7u32WI4= root@ubuntu-xenial
ssh-ed25519 AAAAC3NzaC1lZDI1NTE5AAAAIGs1dCk2WkVNNM9YDIQsNSBZwyRWhdFgQTfYVPAyFtoU root@ubuntu-xenial
ssh-rsa AAAAB3NzaC1yc2EAAAADAQABAAABAQDR4JQeKAhp5hgvJ7ti5SjBH6nUKaQ1rKqaJ8L9gQkt+x+pH35bGD4al0wW0rh0xM4MOcoHet7QoBd8LfZbJDjizVLjGT69zQr+PDudn+th5b0PXdKANO9/4ug96bJyCx85xjSe6AGRSCDC+scfpm3UhqySLXr3TsvBEOanazPwZ+vQwyuwxLMnhetGpf1rPWyN7p6MB4nDfPuCB82alNWGv1RSeBGx40GCTQyLFrqDwxh95MtcrkBXm0HsdB8ZOJYLycPlY7t6yyp9A3DUIKbb6JFCgGMrHXVjQ4iKwopEx9/g4XL9SxhbcXwcp7DbmRcBKeJ+ySaoRFHxg1Gd7D7r root@ubuntu-xenial
-----END SSH HOST KEY KEYS-----
[   58.341828] cloud-init[1401]: Cloud-init v. 18.4-0ubuntu1~16.04.2 running 'modules:final' at Thu, 29 Nov 2018 10:34:32 +0000. Up 57.81 seconds.
[   58.342138] cloud-init[1401]: ci-info: no authorized ssh keys fingerprints found for user ubuntu.
[   58.342302] cloud-init[1401]: Cloud-init v. 18.4-0ubuntu1~16.04.2 finished at Thu, 29 Nov 2018 10:34:33 +0000. Datasource DataSourceNoCloud [seed=/dev/sdb][dsmode=net].  Up 58.32 seconds

Ubuntu 16.04.5 LTS ubuntu-xenial ttyS0

ubuntu-xenial login: 